<?xml version="1.0" encoding="UTF-8"?>
<testng-results ignored="0" total="1" passed="1" failed="0" skipped="0">
  <reporter-output>
  </reporter-output>
  <suite started-at="2021-10-30T23:44:40 IST" name="Default suite" finished-at="2021-10-30T23:44:44 IST" duration-ms="3728">
    <groups>
    </groups>
    <test started-at="2021-10-30T23:44:40 IST" name="Default test" finished-at="2021-10-30T23:44:44 IST" duration-ms="3728">
      <class name="EndToEnd.CreateProjectEndToEnd">
        <test-method is-config="true" signature="bsConfig()[pri:0, instance:EndToEnd.CreateProjectEndToEnd@7205765b]" started-at="2021-10-30T23:44:39 IST" name="bsConfig" finished-at="2021-10-30T23:44:40 IST" duration-ms="1240" status="PASS">
          <reporter-output>
          </reporter-output>
        </test-method> <!-- bsConfig -->
        <test-method signature="createProjectAndVerifyInDB()[pri:0, instance:EndToEnd.CreateProjectEndToEnd@7205765b]" started-at="2021-10-30T23:44:40 IST" name="createProjectAndVerifyInDB" finished-at="2021-10-30T23:44:44 IST" duration-ms="3675" status="PASS">
          <reporter-output>
          </reporter-output>
        </test-method> <!-- createProjectAndVerifyInDB -->
        <test-method is-config="true" signature="asConfig()[pri:0, instance:EndToEnd.CreateProjectEndToEnd@7205765b]" started-at="2021-10-30T23:44:44 IST" name="asConfig" finished-at="2021-10-30T23:44:44 IST" duration-ms="13" status="PASS">
          <reporter-output>
          </reporter-output>
        </test-method> <!-- asConfig -->
      </class> <!-- EndToEnd.CreateProjectEndToEnd -->
    </test> <!-- Default test -->
  </suite> <!-- Default suite -->
</testng-results>
